  Preprocessing: convolution.cl
  Setting target instruction set architecture to: Default (Advanced Vector Extension 2 (AVX2))
  OpenCL Intel CPU device was found!
  Device name: Intel(R) Core(TM) i7-6650U CPU @ 2.20GHz
  Device version: OpenCL 2.0 (Build 10094)
  Device vendor: Intel(R) Corporation
  Device profile: FULL_PROFILE
  Compilation started
  Compilation done
  Linking started
  Linking done
  Device build started
  Device build done
  Kernel <simpleKernel> was successfully vectorized (8)
  Done.
  simpleKernel info:
  	Maximum work-group size: 8192
  	Compiler work-group size: (0, 0, 0)
  	Local memory size: 0
  	Preferred multiple of work-group size: 128
  	Minimum amount of private memory: 0
  
  Build succeeded!
  
  convolution.cpp
convolution.cpp(21): warning C4996: 'fopen': This function or variable may be unsafe. Consider using fopen_s instead. To disable deprecation, use _CRT_SECURE_NO_WARNINGS. See online help for details.
  C:\Program Files (x86)\Windows Kits\10\Include\10.0.10240.0\ucrt\stdio.h(205): note: 'fopen' 선언을 참조하십시오.
convolution.cpp(74): warning C4018: '<': signed 또는 unsigned가 일치하지 않습니다.
convolution.cpp(82): warning C4018: '<': signed 또는 unsigned가 일치하지 않습니다.
convolution.cpp(121): warning C4996: 'scanf': This function or variable may be unsafe. Consider using scanf_s instead. To disable deprecation, use _CRT_SECURE_NO_WARNINGS. See online help for details.
  C:\Program Files (x86)\Windows Kits\10\Include\10.0.10240.0\ucrt\stdio.h(1270): note: 'scanf' 선언을 참조하십시오.
convolution.cpp(124): warning C4996: 'scanf': This function or variable may be unsafe. Consider using scanf_s instead. To disable deprecation, use _CRT_SECURE_NO_WARNINGS. See online help for details.
  C:\Program Files (x86)\Windows Kits\10\Include\10.0.10240.0\ucrt\stdio.h(1270): note: 'scanf' 선언을 참조하십시오.
convolution.cpp(134): warning C4996: 'clCreateCommandQueue': deprecated로 선언되었습니다.
  C:\Program Files (x86)\Intel\OpenCL SDK\6.1\include\CL/cl.h(1428): note: 'clCreateCommandQueue' 선언을 참조하십시오.
convolution.cpp(199): warning C4838: 'int'에서 'size_t'(으)로의 변환에는 축소 변환이 필요합니다.
convolution.cpp(201): warning C4101: 'maxVal' :참조되지 않은 지역 변수입니다.
convolution.cpp(201): warning C4101: 'minVal' :참조되지 않은 지역 변수입니다.
  코드를 생성하고 있습니다.
  5 of 13 functions (38.5%) were compiled, the rest were copied from previous compilation.
    0 functions were new in current compilation
    2 functions had inline decision re-evaluated but remain unchanged
  코드를 생성했습니다.
  OpenCLProject7_convolution_float_buffer.vcxproj -> C:\Users\medialab\Desktop\축소버전 (1)\축소버전\Release\OpenCLProject7_convolution_float_buffer.exe
  cll.cl
  convolution.cl
          2개 파일이 복사되었습니다.
